#
# A fatal error has been detected by the Java Runtime Environment:
#
#  SIGSEGV (0xb) at pc=0x00007fff8df970d7, pid=3023, tid=48915
#
# JRE version: Java(TM) SE Runtime Environment (8.0_20-b26) (build 1.8.0_20-b26)
# Java VM: Java HotSpot(TM) 64-Bit Server VM (25.20-b23 mixed mode bsd-amd64 compressed oops)
# Problematic frame:
# C  [libobjc.A.dylib+0x10d7]  objc_msgSend+0x17
#
# Failed to write core dump. Core dumps have been disabled. To enable core dumping, try "ulimit -c unlimited" before starting Java again
#
# If you would like to submit a bug report, please visit:
#   http://bugreport.sun.com/bugreport/crash.jsp
# The crash happened outside the Java Virtual Machine in native code.
# See problematic frame for where to report the bug.
#

---------------  T H R E A D  ---------------

Current thread (0x00007faeab8ac000):  JavaThread "Java2D Queue Flusher" daemon [_thread_in_native, id=48915, stack(0x000000012d767000,0x000000012d867000)]

siginfo: si_signo: 11 (SIGSEGV), si_code: 0 (unknown), si_addr: 0x0000000000000000

Registers:
RAX=0x00007faeab958000, RBX=0x00007faeab8ac1e8, RCX=0x00007faeab958040, RDX=0x0000000129613ad0
RSP=0x000000012d866758, RBP=0x000000012d866780, RSI=0x00007fff8fc96ea1, RDI=0x9000000000000000
R8 =0x0000000000000000, R9 =0x0000000000000060, R10=0x0000000111530668, R11=0x00007ffffffffff8
R12=0x00007faeab958038, R13=0x0000000125b43148, R14=0x00007faea9e16220, R15=0x00007faea9e77fd0
RIP=0x00007fff8df970d7, EFLAGS=0x0000000000010246, ERR=0x0000000000000000
  TRAPNO=0x000000000000000d

Top of Stack: (sp=0x000000012d866758)
0x000000012d866758:   00000001295f34ea 00007faea9e34b40
0x000000012d866768:   0000000000000000 00007faeaa917210
0x000000012d866778:   00007faeab8ac000 000000012d866800
0x000000012d866788:   00000001296135ae 00007faeab8ac000
0x000000012d866798:   000000000000c91b 00007faea9f2cc00
0x000000012d8667a8:   0000000200000001 0000000000000001
0x000000012d8667b8:   0000000000000000 0000000000000000
0x000000012d8667c8:   00007faeaa917220 0000000700837038
0x000000012d8667d8:   00007faeab8ac1e8 0000000125b43148
0x000000012d8667e8:   0000000000000000 000000012d8668a8
0x000000012d8667f8:   00007faeab8ac000 000000012d866870
0x000000012d866808:   0000000111530694 00007faeab8ac000
0x000000012d866818:   00007faea9f2c8a8 000000012d866850
0x000000012d866828:   0000000110b04a10 000000012d866830
0x000000012d866838:   0000000000000000 000000012d8668a8
0x000000012d866848:   0000000125b441e0 0000000000000000
0x000000012d866858:   0000000125b43148 0000000000000000
0x000000012d866868:   000000012d866890 000000012d8668f0
0x000000012d866878:   000000011152298d 0000000000000000
0x000000012d866888:   000000011152a2b8 0000000000000020
0x000000012d866898:   00007faeaa917200 000000079764d268
0x000000012d8668a8:   000000079764d250 000000012d8668b0
0x000000012d8668b8:   0000000125b431f5 000000012d866908
0x000000012d8668c8:   0000000125b441e0 00000001310bfb80
0x000000012d8668d8:   0000000125b43218 000000012d866890
0x000000012d8668e8:   000000012d866910 00000007c0003000
0x000000012d8668f8:   0000000111851ffc 0000000000000020
0x000000012d866908:   000000079764d250 0000000797600540
0x000000012d866918:   0000000797600540 0000000000000000
0x000000012d866928:   0000000000000000 0000000797600540
0x000000012d866938:   000000012d8669d0 0000000000000001
0x000000012d866948:   0000000000000000 000000012d8669d0 

Instructions: (pc=0x00007fff8df970d7)
0x00007fff8df970b7:   00 0f 1f 84 00 00 00 00 00 48 85 ff 2e 74 7a 40
0x00007fff8df970c7:   f6 c7 01 2e 75 7e 49 bb f8 ff ff ff ff 7f 00 00
0x00007fff8df970d7:   4c 23 1f 49 89 f2 45 23 53 18 49 c1 e2 04 4d 03
0x00007fff8df970e7:   53 10 49 3b 32 75 04 41 ff 62 08 49 83 3a 00 74 

Register to memory mapping:

RAX=0x00007faeab958000 is an unknown value
RBX=0x00007faeab8ac1e8 is an unknown value
RCX=0x00007faeab958040 is an unknown value
RDX=0x0000000129613ad0: Java_sun_java2d_opengl_OGLRenderQueue_flushBuffer+0xb5c in /Library/Java/JavaVirtualMachines/jdk1.8.0_20.jdk/Contents/Home/jre/lib/libawt_lwawt.dylib at 0x00000001295d8000
RSP=0x000000012d866758 is pointing into the stack for thread: 0x00007faeab8ac000
RBP=0x000000012d866780 is pointing into the stack for thread: 0x00007faeab8ac000
RSI=0x00007fff8fc96ea1: -[NSTitlebarContainerView transparent]+0xcd85 in /System/Library/Frameworks/AppKit.framework/Versions/C/AppKit at 0x00007fff8f2e7000
RDI=0x9000000000000000 is an unknown value
R8 =0x0000000000000000 is an unknown value
R9 =0x0000000000000060 is an unknown value
R10=0x0000000111530668 is at code_begin+808 in an Interpreter codelet
method entry point (kind = native)  [0x0000000111530340, 0x0000000111530c40]  2304 bytes
R11=0x00007ffffffffff8 is an unknown value
R12=0x00007faeab958038 is an unknown value
R13={method} {0x0000000125b43148} 'flushBuffer' '(JI)V' in 'sun/java2d/opengl/OGLRenderQueue'
R14=0x00007faea9e16220 is an unknown value
R15=0x00007faea9e77fd0 is an unknown value


Stack: [0x000000012d767000,0x000000012d867000],  sp=0x000000012d866758,  free space=1021k
Native frames: (J=compiled Java code, j=interpreted, Vv=VM code, C=native code)
C  [libobjc.A.dylib+0x10d7]  objc_msgSend+0x17
C  [libawt_lwawt.dylib+0x3b5ae]  Java_sun_java2d_opengl_OGLRenderQueue_flushBuffer+0x63a
j  sun.java2d.opengl.OGLRenderQueue.flushBuffer(JI)V+0
j  sun.java2d.opengl.OGLRenderQueue.flushBuffer()V+21
J 822% C2 sun.java2d.opengl.OGLRenderQueue$QueueFlusher.run()V (234 bytes) @ 0x0000000111851ffc [0x0000000111851d40+0x2bc]

Java frames: (J=compiled Java code, j=interpreted, Vv=VM code)
j  sun.java2d.opengl.OGLRenderQueue.flushBuffer(JI)V+0
j  sun.java2d.opengl.OGLRenderQueue.flushBuffer()V+21
J 822% C2 sun.java2d.opengl.OGLRenderQueue$QueueFlusher.run()V (234 bytes) @ 0x0000000111851ffc [0x0000000111851d40+0x2bc]
v  ~StubRoutines::call_stub

---------------  P R O C E S S  ---------------

Java Threads: ( => current thread )
  0x00007faeaa005000 JavaThread "DestroyJavaVM" [_thread_blocked, id=3591, stack(0x000000010fc89000,0x000000010fd89000)]
  0x00007faeaa9d5000 JavaThread "AWT-EventQueue-0" [_thread_blocked, id=54275, stack(0x000000012f91c000,0x000000012fa1c000)]
  0x00007faeaa155000 JavaThread "Java2D Disposer" daemon [_thread_blocked, id=51483, stack(0x000000012e0e0000,0x000000012e1e0000)]
=>0x00007faeab8ac000 JavaThread "Java2D Queue Flusher" daemon [_thread_in_native, id=48915, stack(0x000000012d767000,0x000000012d867000)]
  0x00007faeaa8db000 JavaThread "AWT-Shutdown" [_thread_blocked, id=28179, stack(0x000000012ad4a000,0x000000012ae4a000)]
  0x00007faeab019800 JavaThread "AppKit Thread" daemon [_thread_blocked, id=8207, stack(0x00007fff4f88d000,0x00007fff5008d000)]
  0x00007faeab005800 JavaThread "Service Thread" daemon [_thread_blocked, id=17923, stack(0x000000012921f000,0x000000012931f000)]
  0x00007faeab80f800 JavaThread "C1 CompilerThread2" daemon [_thread_blocked, id=17411, stack(0x000000012911c000,0x000000012921c000)]
  0x00007faeaa03a000 JavaThread "C2 CompilerThread1" daemon [_thread_blocked, id=16899, stack(0x0000000129019000,0x0000000129119000)]
  0x00007faeaa84d000 JavaThread "C2 CompilerThread0" daemon [_thread_blocked, id=16387, stack(0x0000000128f16000,0x0000000129016000)]
  0x00007faeaa856000 JavaThread "Signal Dispatcher" daemon [_thread_blocked, id=12307, stack(0x0000000128e13000,0x0000000128f13000)]
  0x00007faeaa031800 JavaThread "Finalizer" daemon [_thread_blocked, id=11523, stack(0x000000012748d000,0x000000012758d000)]
  0x00007faeaa030800 JavaThread "Reference Handler" daemon [_thread_blocked, id=11011, stack(0x000000012738a000,0x000000012748a000)]

Other Threads:
  0x00007faeaa832800 VMThread [stack: 0x0000000127287000,0x0000000127387000] [id=10499]
  0x00007faeaa856800 WatcherThread [stack: 0x0000000129322000,0x0000000129422000] [id=18435]

VM state:not at safepoint (normal execution)

VM Mutex/Monitor currently owned by a thread: None

Heap:
 PSYoungGen      total 38400K, used 8823K [0x0000000795580000, 0x0000000798000000, 0x00000007c0000000)
  eden space 33280K, 11% used [0x0000000795580000,0x0000000795949f00,0x0000000797600000)
  from space 5120K, 96% used [0x0000000797600000,0x0000000797ad3d20,0x0000000797b00000)
  to   space 5120K, 0% used [0x0000000797b00000,0x0000000797b00000,0x0000000798000000)
 ParOldGen       total 87552K, used 16K [0x0000000740000000, 0x0000000745580000, 0x0000000795580000)
  object space 87552K, 0% used [0x0000000740000000,0x0000000740004000,0x0000000745580000)
 Metaspace       used 9915K, capacity 10074K, committed 10240K, reserved 1058816K
  class space    used 1157K, capacity 1211K, committed 1280K, reserved 1048576K

Card table byte_map: [0x00000001208db000,0x0000000120cdc000] byte_map_base: 0x000000011cedb000

Marking Bits: (ParMarkBitMap*) 0x0000000110e9c330
 Begin Bits: [0x0000000121393000, 0x0000000123393000)
 End Bits:   [0x0000000123393000, 0x0000000125393000)

Polling page: 0x000000010fdcd000

CodeCache: size=245760Kb used=3957Kb max_used=3957Kb free=241802Kb
 bounds [0x000000011151b000, 0x000000011190b000, 0x000000012051b000]
 total_blobs=1559 nmethods=1076 adapters=398
 compilation: enabled

Compilation events (10 events):
Event: 140860.175 Thread 0x00007faeab80f800 1078   !   3       java.lang.ref.ReferenceQueue::enqueue (119 bytes)
Event: 140860.176 Thread 0x00007faeab80f800 nmethod 1078 0x00000001118f7e50 code [0x00000001118f8000, 0x00000001118f8788]
Event: 140860.177 Thread 0x00007faeab80f800 1079  s    3       sun.java2d.opengl.OGLRenderQueue::getInstance (20 bytes)
Event: 140860.201 Thread 0x00007faeab80f800 nmethod 1079 0x00000001118f6150 code [0x00000001118f63a0, 0x00000001118f7538]
Event: 140860.202 Thread 0x00007faeab80f800 1080       3       sun.misc.VM::addFinalRefCount (24 bytes)
Event: 140860.203 Thread 0x00007faeab80f800 nmethod 1080 0x0000000111622f10 code [0x0000000111623080, 0x0000000111623230]
Event: 140860.204 Thread 0x00007faeab80f800 1081       3       java.lang.ref.ReferenceQueue::reallyPoll (66 bytes)
Event: 140860.205 Thread 0x00007faeab80f800 nmethod 1081 0x00000001118f5a90 code [0x00000001118f5c20, 0x00000001118f6090]
Event: 140860.300 Thread 0x00007faeab80f800 1082       3       sun.java2d.pipe.RenderQueue::ensureCapacityAndAlignment (13 bytes)
Event: 140860.308 Thread 0x00007faeab80f800 nmethod 1082 0x00000001118faed0 code [0x00000001118fb080, 0x00000001118fb7e8]

GC Heap History (2 events):
Event: 140859.464 GC heap before
{Heap before GC invocations=1 (full 0):
 PSYoungGen      total 38400K, used 31484K [0x0000000795580000, 0x0000000798000000, 0x00000007c0000000)
  eden space 33280K, 94% used [0x0000000795580000,0x000000079743f200,0x0000000797600000)
  from space 5120K, 0% used [0x0000000797b00000,0x0000000797b00000,0x0000000798000000)
  to   space 5120K, 0% used [0x0000000797600000,0x0000000797600000,0x0000000797b00000)
 ParOldGen       total 87552K, used 0K [0x0000000740000000, 0x0000000745580000, 0x0000000795580000)
  object space 87552K, 0% used [0x0000000740000000,0x0000000740000000,0x0000000745580000)
 Metaspace       used 9908K, capacity 10066K, committed 10240K, reserved 1058816K
  class space    used 1157K, capacity 1211K, committed 1280K, reserved 1048576K
Event: 140860.169 GC heap after
Heap after GC invocations=1 (full 0):
 PSYoungGen      total 38400K, used 4943K [0x0000000795580000, 0x0000000798000000, 0x00000007c0000000)
  eden space 33280K, 0% used [0x0000000795580000,0x0000000795580000,0x0000000797600000)
  from space 5120K, 96% used [0x0000000797600000,0x0000000797ad3d20,0x0000000797b00000)
  to   space 5120K, 0% used [0x0000000797b00000,0x0000000797b00000,0x0000000798000000)
 ParOldGen       total 87552K, used 16K [0x0000000740000000, 0x0000000745580000, 0x0000000795580000)
  object space 87552K, 0% used [0x0000000740000000,0x0000000740004000,0x0000000745580000)
 Metaspace       used 9908K, capacity 10066K, committed 10240K, reserved 1058816K
  class space    used 1157K, capacity 1211K, committed 1280K, reserved 1048576K
}

Deoptimization events (0 events):
No events

Internal exceptions (10 events):
Event: 1.401 Thread 0x00007faeaa005000 Exception <a 'java/security/PrivilegedActionException'> (0x00000007959b3100) thrown at [/HUDSON3/workspace/8-2-build-macosx-x86_64/jdk8u20/1074/hotspot/src/share/vm/prims/jvm.cpp, line 1275]
Event: 1.402 Thread 0x00007faeaa005000 Exception <a 'java/security/PrivilegedActionException'> (0x00000007959b6c48) thrown at [/HUDSON3/workspace/8-2-build-macosx-x86_64/jdk8u20/1074/hotspot/src/share/vm/prims/jvm.cpp, line 1275]
Event: 1.402 Thread 0x00007faeaa005000 Exception <a 'java/security/PrivilegedActionException'> (0x00000007959b7f90) thrown at [/HUDSON3/workspace/8-2-build-macosx-x86_64/jdk8u20/1074/hotspot/src/share/vm/prims/jvm.cpp, line 1275]
Event: 1.404 Thread 0x00007faeaa005000 Exception <a 'java/security/PrivilegedActionException'> (0x00000007959c3b60) thrown at [/HUDSON3/workspace/8-2-build-macosx-x86_64/jdk8u20/1074/hotspot/src/share/vm/prims/jvm.cpp, line 1275]
Event: 1.404 Thread 0x00007faeaa005000 Exception <a 'java/security/PrivilegedActionException'> (0x00000007959c4d10) thrown at [/HUDSON3/workspace/8-2-build-macosx-x86_64/jdk8u20/1074/hotspot/src/share/vm/prims/jvm.cpp, line 1275]
Event: 1.510 Thread 0x00007faeaa005000 Exception <a 'java/security/PrivilegedActionException'> (0x0000000795ac2490) thrown at [/HUDSON3/workspace/8-2-build-macosx-x86_64/jdk8u20/1074/hotspot/src/share/vm/prims/jvm.cpp, line 1275]
Event: 1.511 Thread 0x00007faeaa005000 Exception <a 'java/security/PrivilegedActionException'> (0x0000000795ac5cd0) thrown at [/HUDSON3/workspace/8-2-build-macosx-x86_64/jdk8u20/1074/hotspot/src/share/vm/prims/jvm.cpp, line 1275]
Event: 1.512 Thread 0x00007faeaa005000 Exception <a 'java/security/PrivilegedActionException'> (0x0000000795ac7c28) thrown at [/HUDSON3/workspace/8-2-build-macosx-x86_64/jdk8u20/1074/hotspot/src/share/vm/prims/jvm.cpp, line 1275]
Event: 1.512 Thread 0x00007faeaa005000 Exception <a 'java/security/PrivilegedActionException'> (0x0000000795ac9bb8) thrown at [/HUDSON3/workspace/8-2-build-macosx-x86_64/jdk8u20/1074/hotspot/src/share/vm/prims/jvm.cpp, line 1275]
Event: 140860.176 Thread 0x00007faeaa031800 Exception <a 'java/lang/NullPointerException'> (0x00000007957dfd30) thrown at [/HUDSON3/workspace/8-2-build-macosx-x86_64/jdk8u20/1074/hotspot/src/share/vm/interpreter/linkResolver.cpp, line 1166]

Events (10 events):
Event: 86342.927 Thread 0x00007faeaa03a000 flushing nmethod 0x00000001116253d0
Event: 86374.670 loading class sun/awt/EventQueueDelegate$Delegate
Event: 86374.675 loading class sun/awt/EventQueueDelegate$Delegate done
Event: 86387.913 Executing VM operation: BulkRevokeBias
Event: 86387.914 Executing VM operation: BulkRevokeBias done
Event: 86387.914 Executing VM operation: BulkRevokeBias
Event: 86387.914 Executing VM operation: BulkRevokeBias done
Event: 140859.456 Executing VM operation: ParallelGCFailedAllocation
Event: 140860.169 Executing VM operation: ParallelGCFailedAllocation done
Event: 140860.174 Thread 0x00007faeab80f800 flushing nmethod 0x0000000111622c50


Dynamic libraries:
0x000000000d6de000 	/System/Library/Frameworks/Cocoa.framework/Versions/A/Cocoa
0x000000000d6de000 	/System/Library/Frameworks/Security.framework/Versions/A/Security
0x000000000d6de000 	/System/Library/Frameworks/ApplicationServices.framework/Versions/A/ApplicationServices
0x000000000d6de000 	/usr/lib/libz.1.dylib
0x000000000d6de000 	/usr/lib/libSystem.B.dylib
0x000000000d6de000 	/usr/lib/libobjc.A.dylib
0x000000000d6de000 	/System/Library/Frameworks/CoreFoundation.framework/Versions/A/CoreFoundation
0x000000000d6de000 	/System/Library/Frameworks/Foundation.framework/Versions/C/Foundation
0x000000000d6de000 	/System/Library/Frameworks/AppKit.framework/Versions/C/AppKit
0x000000000d6de000 	/System/Library/Frameworks/CoreData.framework/Versions/A/CoreData
0x000000000d6de000 	/System/Library/PrivateFrameworks/RemoteViewServices.framework/Versions/A/RemoteViewServices
0x000000000d6de000 	/System/Library/PrivateFrameworks/UIFoundation.framework/Versions/A/UIFoundation
0x000000000d6de000 	/System/Library/Frameworks/IOSurface.framework/Versions/A/IOSurface
0x000000000d6de000 	/System/Library/Frameworks/AudioToolbox.framework/Versions/A/AudioToolbox
0x000000000d6de000 	/System/Library/Frameworks/AudioUnit.framework/Versions/A/AudioUnit
0x000000000d6de000 	/System/Library/PrivateFrameworks/DataDetectorsCore.framework/Versions/A/DataDetectorsCore
0x000000000d6de000 	/System/Library/PrivateFrameworks/DesktopServicesPriv.framework/Versions/A/DesktopServicesPriv
0x000000000d6de000 	/System/Library/Frameworks/Carbon.framework/Versions/A/Frameworks/HIToolbox.framework/Versions/A/HIToolbox
0x000000000d6de000 	/System/Library/Frameworks/QuartzCore.framework/Versions/A/QuartzCore
0x000000000d6de000 	/System/Library/Frameworks/Carbon.framework/Versions/A/Frameworks/SpeechRecognition.framework/Versions/A/SpeechRecognition
0x000000000d6de000 	/usr/lib/libauto.dylib
0x000000000d6de000 	/usr/lib/libicucore.A.dylib
0x000000000d6de000 	/usr/lib/libxml2.2.dylib
0x000000000d6de000 	/System/Library/PrivateFrameworks/CoreUI.framework/Versions/A/CoreUI
0x000000000d6de000 	/System/Library/Frameworks/CoreAudio.framework/Versions/A/CoreAudio
0x000000000d6de000 	/System/Library/Frameworks/DiskArbitration.framework/Versions/A/DiskArbitration
0x000000000d6de000 	/usr/lib/liblangid.dylib
0x000000000d6de000 	/System/Library/PrivateFrameworks/MultitouchSupport.framework/Versions/A/MultitouchSupport
0x000000000d6de000 	/System/Library/Frameworks/IOKit.framework/Versions/A/IOKit
0x000000000d6de000 	/usr/lib/libDiagnosticMessagesClient.dylib
0x000000000d6de000 	/System/Library/Frameworks/CoreServices.framework/Versions/A/CoreServices
0x000000000d6de000 	/System/Library/PrivateFrameworks/PerformanceAnalysis.framework/Versions/A/PerformanceAnalysis
0x000000000d6de000 	/System/Library/PrivateFrameworks/GenerationalStorage.framework/Versions/A/GenerationalStorage
0x000000000d6de000 	/System/Library/Frameworks/OpenGL.framework/Versions/A/OpenGL
0x000000000d6de000 	/System/Library/PrivateFrameworks/Sharing.framework/Versions/A/Sharing
0x000000000d6de000 	/System/Library/Frameworks/CoreGraphics.framework/Versions/A/CoreGraphics
0x000000000d6de000 	/System/Library/Frameworks/CoreText.framework/Versions/A/CoreText
0x000000000d6de000 	/System/Library/Frameworks/ImageIO.framework/Versions/A/ImageIO
0x000000000d6de000 	/usr/lib/libextension.dylib
0x000000000d6de000 	/System/Library/PrivateFrameworks/Backup.framework/Versions/A/Backup
0x000000000d6de000 	/usr/lib/libarchive.2.dylib
0x000000000d6de000 	/System/Library/Frameworks/CFNetwork.framework/Versions/A/CFNetwork
0x000000000d6de000 	/System/Library/Frameworks/SystemConfiguration.framework/Versions/A/SystemConfiguration
0x000000000d6de000 	/usr/lib/libCRFSuite.dylib
0x000000000d6de000 	/usr/lib/libc++.1.dylib
0x000000000d6de000 	/usr/lib/libc++abi.dylib
0x000000000d6de000 	/usr/lib/system/libcache.dylib
0x000000000d6de000 	/usr/lib/system/libcommonCrypto.dylib
0x000000000d6de000 	/usr/lib/system/libcompiler_rt.dylib
0x000000000d6de000 	/usr/lib/system/libcopyfile.dylib
0x000000000d6de000 	/usr/lib/system/libcorecrypto.dylib
0x000000000d6de000 	/usr/lib/system/libdispatch.dylib
0x000000000d6de000 	/usr/lib/system/libdyld.dylib
0x000000000d6de000 	/usr/lib/system/libkeymgr.dylib
0x000000000d6de000 	/usr/lib/system/liblaunch.dylib
0x000000000d6de000 	/usr/lib/system/libmacho.dylib
0x000000000d6de000 	/usr/lib/system/libquarantine.dylib
0x000000000d6de000 	/usr/lib/system/libremovefile.dylib
0x000000000d6de000 	/usr/lib/system/libsystem_asl.dylib
0x000000000d6de000 	/usr/lib/system/libsystem_blocks.dylib
0x000000000d6de000 	/usr/lib/system/libsystem_c.dylib
0x000000000d6de000 	/usr/lib/system/libsystem_configuration.dylib
0x000000000d6de000 	/usr/lib/system/libsystem_coreservices.dylib
0x000000000d6de000 	/usr/lib/system/libsystem_coretls.dylib
0x000000000d6de000 	/usr/lib/system/libsystem_dnssd.dylib
0x000000000d6de000 	/usr/lib/system/libsystem_info.dylib
0x000000000d6de000 	/usr/lib/system/libsystem_kernel.dylib
0x000000000d6de000 	/usr/lib/system/libsystem_m.dylib
0x000000000d6de000 	/usr/lib/system/libsystem_malloc.dylib
0x000000000d6de000 	/usr/lib/system/libsystem_network.dylib
0x000000000d6de000 	/usr/lib/system/libsystem_networkextension.dylib
0x000000000d6de000 	/usr/lib/system/libsystem_notify.dylib
0x000000000d6de000 	/usr/lib/system/libsystem_platform.dylib
0x000000000d6de000 	/usr/lib/system/libsystem_pthread.dylib
0x000000000d6de000 	/usr/lib/system/libsystem_sandbox.dylib
0x000000000d6de000 	/usr/lib/system/libsystem_secinit.dylib
0x000000000d6de000 	/usr/lib/system/libsystem_stats.dylib
0x000000000d6de000 	/usr/lib/system/libsystem_trace.dylib
0x000000000d6de000 	/usr/lib/system/libunc.dylib
0x000000000d6de000 	/usr/lib/system/libunwind.dylib
0x000000000d6de000 	/usr/lib/system/libxpc.dylib
0x000000000d6de000 	/usr/lib/libbz2.1.0.dylib
0x000000000d6de000 	/usr/lib/liblzma.5.dylib
0x000000000d6de000 	/usr/lib/libbsm.0.dylib
0x000000000d6de000 	/usr/lib/libsqlite3.dylib
0x000000000d6de000 	/usr/lib/system/libkxld.dylib
0x000000000d6de000 	/usr/lib/libxar.1.dylib
0x000000000d6de000 	/usr/lib/libpam.2.dylib
0x000000000d6de000 	/usr/lib/libOpenScriptingUtil.dylib
0x000000000d6de000 	/System/Library/Frameworks/CoreServices.framework/Versions/A/Frameworks/FSEvents.framework/Versions/A/FSEvents
0x000000000d6de000 	/System/Library/Frameworks/CoreServices.framework/Versions/A/Frameworks/CarbonCore.framework/Versions/A/CarbonCore
0x000000000d6de000 	/System/Library/Frameworks/CoreServices.framework/Versions/A/Frameworks/Metadata.framework/Versions/A/Metadata
0x000000000d6de000 	/System/Library/Frameworks/CoreServices.framework/Versions/A/Frameworks/OSServices.framework/Versions/A/OSServices
0x000000000d6de000 	/System/Library/Frameworks/CoreServices.framework/Versions/A/Frameworks/SearchKit.framework/Versions/A/SearchKit
0x000000000d6de000 	/System/Library/Frameworks/CoreServices.framework/Versions/A/Frameworks/AE.framework/Versions/A/AE
0x000000000d6de000 	/System/Library/Frameworks/CoreServices.framework/Versions/A/Frameworks/LaunchServices.framework/Versions/A/LaunchServices
0x000000000d6de000 	/System/Library/Frameworks/CoreServices.framework/Versions/A/Frameworks/DictionaryServices.framework/Versions/A/DictionaryServices
0x000000000d6de000 	/System/Library/Frameworks/NetFS.framework/Versions/A/NetFS
0x000000000d6de000 	/System/Library/PrivateFrameworks/NetAuth.framework/Versions/A/NetAuth
0x000000000d6de000 	/System/Library/PrivateFrameworks/login.framework/Versions/A/Frameworks/loginsupport.framework/Versions/A/loginsupport
0x000000000d6de000 	/System/Library/PrivateFrameworks/TCC.framework/Versions/A/TCC
0x000000000d6de000 	/usr/lib/libmecabra.dylib
0x000000000d6de000 	/System/Library/Frameworks/ApplicationServices.framework/Versions/A/Frameworks/ATS.framework/Versions/A/ATS
0x000000000d6de000 	/System/Library/Frameworks/ApplicationServices.framework/Versions/A/Frameworks/ColorSync.framework/Versions/A/ColorSync
0x000000000d6de000 	/System/Library/Frameworks/ApplicationServices.framework/Versions/A/Frameworks/HIServices.framework/Versions/A/HIServices
0x000000000d6de000 	/System/Library/Frameworks/ApplicationServices.framework/Versions/A/Frameworks/LangAnalysis.framework/Versions/A/LangAnalysis
0x000000000d6de000 	/System/Library/Frameworks/ApplicationServices.framework/Versions/A/Frameworks/PrintCore.framework/Versions/A/PrintCore
0x000000000d6de000 	/System/Library/Frameworks/ApplicationServices.framework/Versions/A/Frameworks/QD.framework/Versions/A/QD
0x000000000d6de000 	/System/Library/Frameworks/ApplicationServices.framework/Versions/A/Frameworks/SpeechSynthesis.framework/Versions/A/SpeechSynthesis
0x000000000d6de000 	/System/Library/Frameworks/Accelerate.framework/Versions/A/Accelerate
0x000000000d6de000 	/System/Library/Frameworks/Accelerate.framework/Versions/A/Frameworks/vImage.framework/Versions/A/vImage
0x000000000d6de000 	/System/Library/Frameworks/Accelerate.framework/Versions/A/Frameworks/vecLib.framework/Versions/A/vecLib
0x000000000d6de000 	/System/Library/Frameworks/Accelerate.framework/Versions/A/Frameworks/vecLib.framework/Versions/A/libvDSP.dylib
0x000000000d6de000 	/System/Library/Frameworks/Accelerate.framework/Versions/A/Frameworks/vecLib.framework/Versions/A/libvMisc.dylib
0x000000000d6de000 	/System/Library/Frameworks/Accelerate.framework/Versions/A/Frameworks/vecLib.framework/Versions/A/libLAPACK.dylib
0x000000000d6de000 	/System/Library/Frameworks/Accelerate.framework/Versions/A/Frameworks/vecLib.framework/Versions/A/libBLAS.dylib
0x000000000d6de000 	/System/Library/Frameworks/Accelerate.framework/Versions/A/Frameworks/vecLib.framework/Versions/A/libLinearAlgebra.dylib
0x000000000d6de000 	/System/Library/Frameworks/ApplicationServices.framework/Versions/A/Frameworks/ATS.framework/Versions/A/Resources/libFontParser.dylib
0x000000000d6de000 	/System/Library/Frameworks/ApplicationServices.framework/Versions/A/Frameworks/ATS.framework/Versions/A/Resources/libFontRegistry.dylib
0x000000000d6de000 	/System/Library/PrivateFrameworks/AppleVPA.framework/Versions/A/AppleVPA
0x000000000d6de000 	/System/Library/PrivateFrameworks/AppleJPEG.framework/Versions/A/AppleJPEG
0x000000000d6de000 	/System/Library/Frameworks/ImageIO.framework/Versions/A/Resources/libJPEG.dylib
0x000000000d6de000 	/System/Library/Frameworks/ImageIO.framework/Versions/A/Resources/libTIFF.dylib
0x000000000d6de000 	/System/Library/Frameworks/ImageIO.framework/Versions/A/Resources/libPng.dylib
0x000000000d6de000 	/System/Library/Frameworks/ImageIO.framework/Versions/A/Resources/libGIF.dylib
0x000000000d6de000 	/System/Library/Frameworks/ImageIO.framework/Versions/A/Resources/libJP2.dylib
0x000000000d6de000 	/System/Library/Frameworks/ImageIO.framework/Versions/A/Resources/libRadiance.dylib
0x000000000d6de000 	/System/Library/Frameworks/CoreVideo.framework/Versions/A/CoreVideo
0x000000000d6de000 	/System/Library/Frameworks/OpenGL.framework/Versions/A/Libraries/libGLU.dylib
0x000000000d6de000 	/System/Library/Frameworks/OpenGL.framework/Versions/A/Libraries/libGFXShared.dylib
0x000000000d6de000 	/System/Library/Frameworks/OpenGL.framework/Versions/A/Libraries/libGL.dylib
0x000000000d6de000 	/System/Library/Frameworks/OpenGL.framework/Versions/A/Libraries/libGLImage.dylib
0x000000000d6de000 	/System/Library/Frameworks/OpenGL.framework/Versions/A/Libraries/libCVMSPluginSupport.dylib
0x000000000d6de000 	/System/Library/Frameworks/OpenGL.framework/Versions/A/Libraries/libCoreVMClient.dylib
0x000000000d6de000 	/usr/lib/libcups.2.dylib
0x000000000d6de000 	/System/Library/Frameworks/Kerberos.framework/Versions/A/Kerberos
0x000000000d6de000 	/System/Library/Frameworks/GSS.framework/Versions/A/GSS
0x000000000d6de000 	/usr/lib/libresolv.9.dylib
0x000000000d6de000 	/usr/lib/libiconv.2.dylib
0x000000000d6de000 	/System/Library/PrivateFrameworks/Heimdal.framework/Versions/A/Heimdal
0x000000000d6de000 	/usr/lib/libheimdal-asn1.dylib
0x000000000d6de000 	/System/Library/Frameworks/OpenDirectory.framework/Versions/A/OpenDirectory
0x000000000d6de000 	/System/Library/PrivateFrameworks/CommonAuth.framework/Versions/A/CommonAuth
0x000000000d6de000 	/System/Library/Frameworks/OpenDirectory.framework/Versions/A/Frameworks/CFOpenDirectory.framework/Versions/A/CFOpenDirectory
0x000000000d6de000 	/System/Library/Frameworks/SecurityFoundation.framework/Versions/A/SecurityFoundation
0x000000000d6de000 	/System/Library/PrivateFrameworks/LanguageModeling.framework/Versions/A/LanguageModeling
0x000000000d6de000 	/usr/lib/libcmph.dylib
0x000000000d6de000 	/System/Library/Frameworks/ServiceManagement.framework/Versions/A/ServiceManagement
0x000000000d6de000 	/usr/lib/libxslt.1.dylib
0x000000000d6de000 	/System/Library/Frameworks/Carbon.framework/Versions/A/Frameworks/Ink.framework/Versions/A/Ink
0x000000000d6de000 	/System/Library/Frameworks/QuartzCore.framework/Versions/A/Frameworks/CoreImage.framework/Versions/A/CoreImage
0x000000000d6de000 	/System/Library/PrivateFrameworks/CrashReporterSupport.framework/Versions/A/CrashReporterSupport
0x000000000d6de000 	/System/Library/Frameworks/OpenCL.framework/Versions/A/OpenCL
0x000000000d6de000 	/System/Library/PrivateFrameworks/FaceCore.framework/Versions/A/FaceCore
0x000000000d6de000 	/System/Library/PrivateFrameworks/Ubiquity.framework/Versions/A/Ubiquity
0x000000000d6de000 	/System/Library/PrivateFrameworks/IconServices.framework/Versions/A/IconServices
0x000000000d6de000 	/System/Library/PrivateFrameworks/ChunkingLibrary.framework/Versions/A/ChunkingLibrary
0x000000000d6de000 	/System/Library/PrivateFrameworks/Apple80211.framework/Versions/A/Apple80211
0x000000000d6de000 	/System/Library/Frameworks/CoreWLAN.framework/Versions/A/CoreWLAN
0x000000000d6de000 	/System/Library/Frameworks/IOBluetooth.framework/Versions/A/IOBluetooth
0x000000000d6de000 	/System/Library/PrivateFrameworks/CoreWiFi.framework/Versions/A/CoreWiFi
0x000000000d6de000 	/System/Library/Frameworks/CoreBluetooth.framework/Versions/A/CoreBluetooth
0x000000000d6de000 	/System/Library/PrivateFrameworks/DebugSymbols.framework/Versions/A/DebugSymbols
0x000000000d6de000 	/System/Library/PrivateFrameworks/CoreSymbolication.framework/Versions/A/CoreSymbolication
0x000000000d6de000 	/System/Library/PrivateFrameworks/Symbolication.framework/Versions/A/Symbolication
0x000000000d6de000 	/System/Library/PrivateFrameworks/SpeechRecognitionCore.framework/Versions/A/SpeechRecognitionCore
0x0000000110600000 	/Library/Java/JavaVirtualMachines/jdk1.8.0_20.jdk/Contents/Home/jre/lib/server/libjvm.dylib
0x000000000d6de000 	/usr/lib/libstdc++.6.dylib
0x000000010fd8b000 	/Library/Java/JavaVirtualMachines/jdk1.8.0_20.jdk/Contents/Home/jre/lib/libverify.dylib
0x000000010fd99000 	/Library/Java/JavaVirtualMachines/jdk1.8.0_20.jdk/Contents/Home/jre/lib/libjava.dylib
0x000000010fdd7000 	/Library/Java/JavaVirtualMachines/jdk1.8.0_20.jdk/Contents/Home/jre/lib/libzip.dylib
0x000000010fde1000 	/System/Library/Frameworks/JavaVM.framework/Frameworks/JavaRuntimeSupport.framework/JavaRuntimeSupport
0x000000012758f000 	/System/Library/Frameworks/JavaVM.framework/Versions/A/Frameworks/JavaNativeFoundation.framework/Versions/A/JavaNativeFoundation
0x00000001275a4000 	/System/Library/Frameworks/JavaVM.framework/Versions/A/JavaVM
0x000000000d6de000 	/System/Library/Frameworks/Carbon.framework/Versions/A/Carbon
0x00000001275b1000 	/System/Library/PrivateFrameworks/JavaLaunching.framework/Versions/A/JavaLaunching
0x000000000d6de000 	/System/Library/Frameworks/Carbon.framework/Versions/A/Frameworks/CommonPanels.framework/Versions/A/CommonPanels
0x000000000d6de000 	/System/Library/Frameworks/Carbon.framework/Versions/A/Frameworks/Help.framework/Versions/A/Help
0x000000000d6de000 	/System/Library/Frameworks/Carbon.framework/Versions/A/Frameworks/ImageCapture.framework/Versions/A/ImageCapture
0x000000000d6de000 	/System/Library/Frameworks/Carbon.framework/Versions/A/Frameworks/OpenScripting.framework/Versions/A/OpenScripting
0x000000000d6de000 	/System/Library/Frameworks/Carbon.framework/Versions/A/Frameworks/Print.framework/Versions/A/Print
0x000000000d6de000 	/System/Library/Frameworks/Carbon.framework/Versions/A/Frameworks/SecurityHI.framework/Versions/A/SecurityHI
0x000000012945d000 	/Library/Java/JavaVirtualMachines/jdk1.8.0_20.jdk/Contents/Home/jre/lib/libawt.dylib
0x000000012950c000 	/Library/Java/JavaVirtualMachines/jdk1.8.0_20.jdk/Contents/Home/jre/lib/./libmlib_image.dylib
0x00000001295d8000 	/Library/Java/JavaVirtualMachines/jdk1.8.0_20.jdk/Contents/Home/jre/lib/libawt_lwawt.dylib
0x000000012968b000 	/Library/Java/JavaVirtualMachines/jdk1.8.0_20.jdk/Contents/Home/jre/lib/./libosxapp.dylib
0x000000000d6de000 	/System/Library/Frameworks/ExceptionHandling.framework/Versions/A/ExceptionHandling
0x000000000d6de000 	/System/Library/PrivateFrameworks/CoreServicesInternal.framework/Versions/A/CoreServicesInternal
0x000000000d6de000 	/System/Library/PrivateFrameworks/CloudDocs.framework/Versions/A/CloudDocs
0x000000000d6de000 	/System/Library/PrivateFrameworks/CoreDuet.framework/Versions/A/CoreDuet
0x000000000d6de000 	/System/Library/Frameworks/CloudKit.framework/Versions/A/CloudKit
0x000000000d6de000 	/System/Library/PrivateFrameworks/ProtocolBuffer.framework/Versions/A/ProtocolBuffer
0x000000000d6de000 	/System/Library/PrivateFrameworks/CoreDuetDaemonProtocol.framework/Versions/A/CoreDuetDaemonProtocol
0x000000000d6de000 	/System/Library/PrivateFrameworks/CoreDuetDebugLogging.framework/Versions/A/CoreDuetDebugLogging
0x000000000d6de000 	/System/Library/PrivateFrameworks/MMCS.framework/Versions/A/MMCS
0x000000000d6de000 	/System/Library/Frameworks/CoreLocation.framework/Versions/A/CoreLocation
0x000000000d6de000 	/System/Library/PrivateFrameworks/ProtectedCloudStorage.framework/Versions/A/ProtectedCloudStorage
0x000000000d6de000 	/System/Library/PrivateFrameworks/GeoServices.framework/Versions/A/GeoServices
0x000000000d6de000 	/System/Library/Frameworks/CoreGraphics.framework/Versions/A/Resources/libCGCMS.A.dylib
0x000000000d6de000 	/System/Library/Frameworks/CoreGraphics.framework/Versions/A/Resources/libRIP.A.dylib
0x000000000d6de000 	/System/Library/Frameworks/CoreGraphics.framework/Versions/A/Resources/libCGXType.A.dylib
0x000000000d6de000 	/System/Library/Frameworks/OpenCL.framework/Versions/A/Libraries/libcldcpuengine.dylib
0x000000000d6de000 	/System/Library/PrivateFrameworks/DiskImages.framework/Versions/A/DiskImages
0x000000000d6de000 	/System/Library/Frameworks/DiscRecording.framework/Versions/A/DiscRecording
0x000000000d6de000 	/usr/lib/libcsfde.dylib
0x000000000d6de000 	/usr/lib/libcurl.4.dylib
0x000000000d6de000 	/System/Library/PrivateFrameworks/MediaKit.framework/Versions/A/MediaKit
0x000000000d6de000 	/usr/lib/libCoreStorage.dylib
0x000000000d6de000 	/System/Library/PrivateFrameworks/EFILogin.framework/Versions/A/EFILogin
0x000000000d6de000 	/usr/lib/libutil.dylib
0x000000000d6de000 	/System/Library/PrivateFrameworks/FindMyDevice.framework/Versions/A/FindMyDevice
0x000000000d6de000 	/System/Library/Frameworks/LDAP.framework/Versions/A/LDAP
0x000000000d6de000 	/usr/lib/libsasl2.2.dylib
0x000000000d6de000 	/System/Library/PrivateFrameworks/CoreDaemon.framework/Versions/B/CoreDaemon
0x000000000d6de000 	/usr/lib/libcrypto.0.9.8.dylib
0x000000000d6de000 	/System/Library/PrivateFrameworks/AppleSRP.framework/Versions/A/AppleSRP
0x000000000d6de000 	/System/Library/PrivateFrameworks/TrustEvaluationAgent.framework/Versions/A/TrustEvaluationAgent
0x0000000129a26000 	cl_kernels
0x000000012c49a000 	/System/Library/Frameworks/OpenCL.framework/Versions/A/Libraries/ImageFormats/unorm8_bgra.dylib
0x0000000129a2b000 	cl_kernels
0x000000000d6de000 	/System/Library/PrivateFrameworks/FamilyControls.framework/Versions/A/FamilyControls
0x000000000d6de000 	/System/Library/PrivateFrameworks/CommerceKit.framework/Versions/A/Frameworks/CommerceCore.framework/Versions/A/CommerceCore
0x000000000d6de000 	/System/Library/PrivateFrameworks/SystemAdministration.framework/Versions/A/SystemAdministration
0x000000000d6de000 	/System/Library/PrivateFrameworks/AppContainer.framework/Versions/A/AppContainer
0x000000000d6de000 	/System/Library/PrivateFrameworks/SecCodeWrapper.framework/Versions/A/SecCodeWrapper
0x000000000d6de000 	/System/Library/Frameworks/DirectoryService.framework/Versions/A/DirectoryService
0x000000000d6de000 	/System/Library/PrivateFrameworks/LoginUIKit.framework/Versions/A/Frameworks/LoginUICore.framework/Versions/A/LoginUICore
0x000000000d6de000 	/usr/lib/libodfde.dylib
0x000000000d6de000 	/System/Library/Frameworks/OpenGL.framework/Versions/A/Resources/GLEngine.bundle/GLEngine
0x000000000d6de000 	/System/Library/Frameworks/OpenGL.framework/Versions/A/Libraries/libGLProgrammability.dylib
0x0000000000000000 	/System/Library/Extensions/AppleIntelHD5000GraphicsGLDriver.bundle/Contents/MacOS/AppleIntelHD5000GraphicsGLDriver
0x000000000d6de000 	/System/Library/PrivateFrameworks/IOAccelerator.framework/Versions/A/IOAccelerator
0x000000000d6de000 	/System/Library/PrivateFrameworks/GPUSupport.framework/Versions/A/Libraries/libGPUSupportMercury.dylib
0x000000000d6de000 	/System/Library/Frameworks/OpenGL.framework/Versions/A/Resources/GLRendererFloat.bundle/GLRendererFloat
0x000000012e651000 	/Library/Java/JavaVirtualMachines/jdk1.8.0_20.jdk/Contents/Home/jre/lib/libfontmanager.dylib
0x000000012e6b7000 	/Library/Java/JavaVirtualMachines/jdk1.8.0_20.jdk/Contents/Home/jre/lib/libosxui.dylib
0x0000000130680000 	/Library/Java/JavaVirtualMachines/jdk1.8.0_20.jdk/Contents/Home/jre/lib/libdcpr.dylib
0x00000001309bf000 	/Library/Java/JavaVirtualMachines/jdk1.8.0_20.jdk/Contents/Home/jre/lib/libnet.dylib
0x00000001307cf000 	/Library/Java/JavaVirtualMachines/jdk1.8.0_20.jdk/Contents/Home/jre/lib/libnio.dylib
0x0000000129726000 	cl_kernels

VM Arguments:
java_command: Tafl
java_class_path (initial): .
Launcher Type: SUN_STANDARD

Environment Variables:
PATH=/usr/local/bin:/usr/bin:/bin:/usr/sbin:/sbin:/opt/X11/bin
SHELL=/bin/bash
DISPLAY=/private/tmp/com.apple.launchd.maYIEQyAXs/org.macosforge.xquartz:0

Signal Handlers:
SIGSEGV: [libjvm.dylib+0x578fd7], sa_mask[0]=11111111011111110111111111111111, sa_flags=SA_ONSTACK|SA_RESTART|SA_SIGINFO
SIGBUS: [libjvm.dylib+0x578fd7], sa_mask[0]=11111111011111110111111111111111, sa_flags=SA_RESTART|SA_SIGINFO
SIGFPE: [libjvm.dylib+0x45ab0c], sa_mask[0]=11111111011111110111111111111111, sa_flags=SA_RESTART|SA_SIGINFO
SIGPIPE: [libjvm.dylib+0x45ab0c], sa_mask[0]=11111111011111110111111111111111, sa_flags=SA_RESTART|SA_SIGINFO
SIGXFSZ: [libjvm.dylib+0x45ab0c], sa_mask[0]=11111111011111110111111111111111, sa_flags=SA_RESTART|SA_SIGINFO
SIGILL: [libjvm.dylib+0x45ab0c], sa_mask[0]=11111111011111110111111111111111, sa_flags=SA_RESTART|SA_SIGINFO
SIGUSR1: SIG_DFL, sa_mask[0]=11011111011111100000000111000110, sa_flags=none
SIGUSR2: [libjvm.dylib+0x45a62a], sa_mask[0]=00000000000000000000000000000000, sa_flags=SA_RESTART|SA_SIGINFO
SIGHUP: [libjvm.dylib+0x458bfd], sa_mask[0]=11111111011111110111111111111111, sa_flags=SA_RESTART|SA_SIGINFO
SIGINT: [libjvm.dylib+0x458bfd], sa_mask[0]=11111111011111110111111111111111, sa_flags=SA_RESTART|SA_SIGINFO
SIGTERM: [libjvm.dylib+0x458bfd], sa_mask[0]=11111111011111110111111111111111, sa_flags=SA_RESTART|SA_SIGINFO
SIGQUIT: [libjvm.dylib+0x458bfd], sa_mask[0]=11111111011111110111111111111111, sa_flags=SA_RESTART|SA_SIGINFO


---------------  S Y S T E M  ---------------

OS:Bsduname:Darwin 14.4.0 Darwin Kernel Version 14.4.0: Tue May  5 14:17:52 PDT 2015; root:xnu-2782.30.4~3/RELEASE_X86_64 x86_64
rlimit: STACK 8192k, CORE 0k, NPROC 709, NOFILE 10240, AS infinity
load average:12.23 4.91 4.04

CPU:total 4 (2 cores per cpu, 2 threads per core) family 6 model 69 stepping 1, cmov, cx8, fxsr, mmx, sse, sse2, sse3, ssse3, sse4.1, sse4.2, popcnt, avx, avx2, aes, clmul, erms, lzcnt, ht, tsc, tscinvbit, bmi1, bmi2

Memory: 4k page, physical 8388608k(70640k free)

/proc/meminfo:


vm_info: Java HotSpot(TM) 64-Bit Server VM (25.20-b23) for bsd-amd64 JRE (1.8.0_20-b26), built on Jul 30 2014 13:37:47 by "java_re" with gcc 4.2.1 (Based on Apple Inc. build 5658) (LLVM build 2336.9.00)

time: Sun Jun 14 17:22:33 2015
elapsed time: 140860 seconds (1d 15h 7m 40s)

